# JRE version: OpenJDK Runtime Environment (8.0_181-b13) (build 1.8.0_181-8u181-b13-1ubuntu0.18.04.1-b13)
# Java VM: OpenJDK 64-Bit Server VM (25.181-b13 mixed mode linux-amd64 compressed oops)
Heap:
 PSYoungGen      total 382976K, used 90514K [0x00000000d6f00000, 0x00000000fd980000, 0x0000000100000000)
  eden space 158720K, 0% used [0x00000000d6f00000,0x00000000d6f00000,0x00000000e0a00000)
  from space 224256K, 40% used [0x00000000e0a00000,0x00000000e6264988,0x00000000ee500000)
  to   space 224256K, 0% used [0x00000000efe80000,0x00000000efe80000,0x00000000fd980000)
 ParOldGen       total 514048K, used 513609K [0x0000000084c00000, 0x00000000a4200000, 0x00000000d6f00000)
  object space 514048K, 99% used [0x0000000084c00000,0x00000000a41926d8,0x00000000a4200000)
 Metaspace       used 3353K, capacity 4564K, committed 4864K, reserved 1056768K
  class space    used 364K, capacity 388K, committed 512K, reserved 1048576K
GC Heap History (10 events):
Event: 29.185 GC heap after
Heap after GC invocations=14 (full 3):
 PSYoungGen      total 303104K, used 96832K [0x00000000d6f00000, 0x00000000f3f00000, 0x0000000100000000)
  eden space 158720K, 0% used [0x00000000d6f00000,0x00000000d6f00000,0x00000000e0a00000)
  from space 144384K, 67% used [0x00000000e0a00000,0x00000000e6890000,0x00000000e9700000)
  to   space 150016K, 0% used [0x00000000eac80000,0x00000000eac80000,0x00000000f3f00000)
 ParOldGen       total 514048K, used 300707K [0x0000000084c00000, 0x00000000a4200000, 0x00000000d6f00000)
  object space 514048K, 58% used [0x0000000084c00000,0x00000000971a8f00,0x00000000a4200000)
 Metaspace       used 3353K, capacity 4564K, committed 4864K, reserved 1056768K
  class space    used 364K, capacity 388K, committed 512K, reserved 1048576K
}
Event: 31.653 GC heap before
{Heap before GC invocations=15 (full 3):
 PSYoungGen      total 303104K, used 255552K [0x00000000d6f00000, 0x00000000f3f00000, 0x0000000100000000)
  eden space 158720K, 100% used [0x00000000d6f00000,0x00000000e0a00000,0x00000000e0a00000)
  from space 144384K, 67% used [0x00000000e0a00000,0x00000000e6890000,0x00000000e9700000)
  to   space 150016K, 0% used [0x00000000eac80000,0x00000000eac80000,0x00000000f3f00000)
 ParOldGen       total 514048K, used 300707K [0x0000000084c00000, 0x00000000a4200000, 0x00000000d6f00000)
  object space 514048K, 58% used [0x0000000084c00000,0x00000000971a8f00,0x00000000a4200000)
 Metaspace       used 3353K, capacity 4564K, committed 4864K, reserved 1056768K
  class space    used 364K, capacity 388K, committed 512K, reserved 1048576K
Event: 32.017 GC heap after
Heap after GC invocations=15 (full 3):
 PSYoungGen      total 301568K, used 149760K [0x00000000d6f00000, 0x00000000f6e00000, 0x0000000100000000)
  eden space 151552K, 0% used [0x00000000d6f00000,0x00000000d6f00000,0x00000000e0300000)
  from space 150016K, 99% used [0x00000000eac80000,0x00000000f3ec0000,0x00000000f3f00000)
  to   space 173568K, 0% used [0x00000000e0300000,0x00000000e0300000,0x00000000eac80000)
 ParOldGen       total 514048K, used 300707K [0x0000000084c00000, 0x00000000a4200000, 0x00000000d6f00000)
  object space 514048K, 58% used [0x0000000084c00000,0x00000000971a8f00,0x00000000a4200000)
 Metaspace       used 3353K, capacity 4564K, committed 4864K, reserved 1056768K
  class space    used 364K, capacity 388K, committed 512K, reserved 1048576K
}
Event: 33.763 GC heap before
{Heap before GC invocations=16 (full 3):
 PSYoungGen      total 301568K, used 301312K [0x00000000d6f00000, 0x00000000f6e00000, 0x0000000100000000)
  eden space 151552K, 100% used [0x00000000d6f00000,0x00000000e0300000,0x00000000e0300000)
  from space 150016K, 99% used [0x00000000eac80000,0x00000000f3ec0000,0x00000000f3f00000)
  to   space 173568K, 0% used [0x00000000e0300000,0x00000000e0300000,0x00000000eac80000)
 ParOldGen       total 514048K, used 300707K [0x0000000084c00000, 0x00000000a4200000, 0x00000000d6f00000)
  object space 514048K, 58% used [0x0000000084c00000,0x00000000971a8f00,0x00000000a4200000)
 Metaspace       used 3353K, capacity 4564K, committed 4864K, reserved 1056768K
  class space    used 364K, capacity 388K, committed 512K, reserved 1048576K
Event: 34.250 GC heap after
Heap after GC invocations=16 (full 3):
 PSYoungGen      total 325120K, used 173568K [0x00000000d6f00000, 0x00000000fb300000, 0x0000000100000000)
  eden space 151552K, 0% used [0x00000000d6f00000,0x00000000d6f00000,0x00000000e0300000)
  from space 173568K, 100% used [0x00000000e0300000,0x00000000eac80000,0x00000000eac80000)
  to   space 210944K, 0% used [0x00000000ee500000,0x00000000ee500000,0x00000000fb300000)
 ParOldGen       total 514048K, used 327443K [0x0000000084c00000, 0x00000000a4200000, 0x00000000d6f00000)
  object space 514048K, 63% used [0x0000000084c00000,0x0000000098bc4f00,0x00000000a4200000)
 Metaspace       used 3353K, capacity 4564K, committed 4864K, reserved 1056768K
  class space    used 364K, capacity 388K, committed 512K, reserved 1048576K
}
Event: 35.681 GC heap before
{Heap before GC invocations=17 (full 3):
 PSYoungGen      total 325120K, used 325120K [0x00000000d6f00000, 0x00000000fb300000, 0x0000000100000000)
  eden space 151552K, 100% used [0x00000000d6f00000,0x00000000e0300000,0x00000000e0300000)
  from space 173568K, 100% used [0x00000000e0300000,0x00000000eac80000,0x00000000eac80000)
  to   space 210944K, 0% used [0x00000000ee500000,0x00000000ee500000,0x00000000fb300000)
 ParOldGen       total 514048K, used 327443K [0x0000000084c00000, 0x00000000a4200000, 0x00000000d6f00000)
  object space 514048K, 63% used [0x0000000084c00000,0x0000000098bc4f00,0x00000000a4200000)
 Metaspace       used 3353K, capacity 4564K, committed 4864K, reserved 1056768K
  class space    used 364K, capacity 388K, committed 512K, reserved 1048576K
Event: 36.042 GC heap after
Heap after GC invocations=17 (full 3):
 PSYoungGen      total 369664K, used 180544K [0x00000000d6f00000, 0x00000000fcf00000, 0x0000000100000000)
  eden space 158720K, 0% used [0x00000000d6f00000,0x00000000d6f00000,0x00000000e0a00000)
  from space 210944K, 85% used [0x00000000ee500000,0x00000000f9550000,0x00000000fb300000)
  to   space 224256K, 0% used [0x00000000e0a00000,0x00000000e0a00000,0x00000000ee500000)
 ParOldGen       total 514048K, used 371307K [0x0000000084c00000, 0x00000000a4200000, 0x00000000d6f00000)
  object space 514048K, 72% used [0x0000000084c00000,0x000000009b69af00,0x00000000a4200000)
 Metaspace       used 3353K, capacity 4564K, committed 4864K, reserved 1056768K
  class space    used 364K, capacity 388K, committed 512K, reserved 1048576K
}
Event: 37.638 GC heap before
{Heap before GC invocations=18 (full 3):
 PSYoungGen      total 369664K, used 339264K [0x00000000d6f00000, 0x00000000fcf00000, 0x0000000100000000)
  eden space 158720K, 100% used [0x00000000d6f00000,0x00000000e0a00000,0x00000000e0a00000)
  from space 210944K, 85% used [0x00000000ee500000,0x00000000f9550000,0x00000000fb300000)
  to   space 224256K, 0% used [0x00000000e0a00000,0x00000000e0a00000,0x00000000ee500000)
 ParOldGen       total 514048K, used 371307K [0x0000000084c00000, 0x00000000a4200000, 0x00000000d6f00000)
  object space 514048K, 72% used [0x0000000084c00000,0x000000009b69af00,0x00000000a4200000)
 Metaspace       used 3353K, capacity 4564K, committed 4864K, reserved 1056768K
  class space    used 364K, capacity 388K, committed 512K, reserved 1048576K
Event: 38.134 GC heap after
Heap after GC invocations=18 (full 3):
 PSYoungGen      total 382976K, used 154240K [0x00000000d6f00000, 0x00000000fd980000, 0x0000000100000000)
  eden space 158720K, 0% used [0x00000000d6f00000,0x00000000d6f00000,0x00000000e0a00000)
  from space 224256K, 68% used [0x00000000e0a00000,0x00000000ea0a0000,0x00000000ee500000)
  to   space 224256K, 0% used [0x00000000efe80000,0x00000000efe80000,0x00000000fd980000)
 ParOldGen       total 514048K, used 450875K [0x0000000084c00000, 0x00000000a4200000, 0x00000000d6f00000)
  object space 514048K, 87% used [0x0000000084c00000,0x00000000a044ef00,0x00000000a4200000)
 Metaspace       used 3353K, capacity 4564K, committed 4864K, reserved 1056768K
  class space    used 364K, capacity 388K, committed 512K, reserved 1048576K
}
Event: 38.134 GC heap before
{Heap before GC invocations=19 (full 4):
 PSYoungGen      total 382976K, used 154240K [0x00000000d6f00000, 0x00000000fd980000, 0x0000000100000000)
  eden space 158720K, 0% used [0x00000000d6f00000,0x00000000d6f00000,0x00000000e0a00000)
  from space 224256K, 68% used [0x00000000e0a00000,0x00000000ea0a0000,0x00000000ee500000)
  to   space 224256K, 0% used [0x00000000efe80000,0x00000000efe80000,0x00000000fd980000)
 ParOldGen       total 514048K, used 450875K [0x0000000084c00000, 0x00000000a4200000, 0x00000000d6f00000)
  object space 514048K, 87% used [0x0000000084c00000,0x00000000a044ef00,0x00000000a4200000)
 Metaspace       used 3353K, capacity 4564K, committed 4864K, reserved 1056768K
  class space    used 364K, capacity 388K, committed 512K, reserved 1048576K

